==========================================
Daily run: 2026-04-11 17:00:00
==========================================

=== [AITA/Reddit] start: 17:00:00 ===


 ____       _     _               ____  _                _
|  _ \ ___ | |__ | | _____  __  / ___|| |__   ___  _ __| |_ ___
| |_) / _ \| '_ \| |/ _ \ \/ /  \___ \| '_ \ / _ \| '__| __/ __|
|  _ < (_) | |_) | | (_) >  <    ___) | | | | (_) | |  | |_\__ \
|_| \_\___/|_.__/|_|\___/_/\_\  |____/|_| |_|\___/|_|   \__|___/

Automated YouTube Shorts · No API Key Required

Loading configuration...
Initializing components...
TTS Engine: Edge TTS (en-US-AriaNeural)
Setting up background assets...
  Ready: 17 video(s), 3 audio(s)
╭──────────────────────────────────────────────────────────────────────────────╮
│ Mode: Reddit Scraping (no API key)                                           │
╰──────────────────────────────────────────────────────────────────────────────╯
Fetching posts from r/tifu (time=week)...
  [OK] TIFU by accidentally learning my coworker's salary and now I... (+9788, 1
comments)
Found 1 eligible posts.
╭──────────────────────────────────────────────────────────────────────────────╮
│ Post 1/1                                                                     │
╰──────────────────────────────────────────────────────────────────────────────╯

Processing: TIFU by accidentally learning my coworker's salary and now I...
  ID: 1shfptg | Score: 9788 | Comments: 1
  [1/3] Generating TTS audio...
  [OK] Generated 5 audio segments
  [2/3] Composing video...
Composing video for: TIFU by accidentally learning my coworker's salary...
  [OK] Rendered 5 card(s)
  Background: roblox-parkour.mp4
  BGM: good-night.mp3 (vol: 0.08)
  Rendering 46.7s video...
  [OK] Saved: 
output/TIFU_by_accidentally_learning_my_coworker's_salary_and_now_I_can't_stop_d
oing_ma.mp4 (46.7s, 46.4MB)
  [3/3] Updating history & saving meta...
  Meta: 
TIFU_by_accidentally_learning_my_coworker's_salary_and_now_I_can't_stop_doing_ma
_meta.txt
  [4/4] Uploading to YouTube...
  YouTube: https://youtu.be/eCUtHueJFCc


                                Generated Videos                                
┏━━━┳━━━━━━━━━━━━━━━━━━━━━━━━━━━━━━━━━┳━━━━━━━┳━━━━━━━━━━━━━━━━━━━━━━━━━━━━━━━━┓
┃ # ┃ Title                           ┃ Score ┃ Output File                    ┃
┡━━━╇━━━━━━━━━━━━━━━━━━━━━━━━━━━━━━━━━╇━━━━━━━╇━━━━━━━━━━━━━━━━━━━━━━━━━━━━━━━━┩
│ 1 │ TIFU by accidentally learning   │  9788 │ TIFU_by_accidentally_learning… │
│   │ my coworker's s                 │       │                                │
└───┴─────────────────────────────────┴───────┴────────────────────────────────┘

[OK] Successfully generated 1 video(s)!
Output directory: output/
=== [AITA/Reddit] done ===

=== [Steam] start: 17:08:08 ===


 ____       _     _               ____  _                _
|  _ \ ___ | |__ | | _____  __  / ___|| |__   ___  _ __| |_ ___
| |_) / _ \| '_ \| |/ _ \ \/ /  \___ \| '_ \ / _ \| '__| __/ __|
|  _ < (_) | |_) | | (_) >  <    ___) | | | | (_) | |  | |_\__ \
|_| \_\___/|_.__/|_|\___/_/\_\  |____/|_| |_|\___/|_|   \__|___/

Automated YouTube Shorts · No API Key Required

Loading configuration...
Initializing components...
TTS Engine: Edge TTS (en-US-GuyNeural)
Setting up background assets...
  Ready: 17 video(s), 3 audio(s)
╭──────────────────────────────────────────────────────────────────────────────╮
│ Mode: Reddit Scraping (no API key)                                           │
╰──────────────────────────────────────────────────────────────────────────────╯
Fetching posts from r/Steam+pcgaming (time=week)...
Found 0 eligible posts.
  No new posts for time_filter='week', trying broader range...
Fetching posts from r/Steam+pcgaming (time=month)...
Found 0 eligible posts.
  No new posts for time_filter='month', trying broader range...
Fetching posts from r/Steam+pcgaming (time=year)...
  [OK] Was this review helpful?... (+62376, 5 comments)
  [OK] What an upgrade lmao... (+59946, 6 comments)
Found 1 eligible posts.
╭──────────────────────────────────────────────────────────────────────────────╮
│ Post 1/1                                                                     │
╰──────────────────────────────────────────────────────────────────────────────╯

Processing: Was this review helpful?...
  ID: 1jzx9x7 | Score: 62376 | Comments: 5
  [1/3] Generating TTS audio...
  [OK] Generated 6 audio segments
  [2/3] Composing video...
Composing video for: Was this review helpful?...
  [OK] Rendered 6 card(s)
  Background: roblox-obby.mp4
  BGM: lofi-study.mp3 (vol: 0.08)
  Rendering 26.8s video...
  [OK] Saved: output/steam/Was_this_review_helpful.mp4 (26.8s, 26.5MB)
  [3/3] Updating history & saving meta...
  Meta: Was_this_review_helpful_meta.txt
  [4/4] Uploading to YouTube...
  YouTube: https://youtu.be/52xD0b7hJZ4


                           Generated Videos                           
┏━━━┳━━━━━━━━━━━━━━━━━━━━━━━━━━┳━━━━━━━┳━━━━━━━━━━━━━━━━━━━━━━━━━━━━━┓
┃ # ┃ Title                    ┃ Score ┃ Output File                 ┃
┡━━━╇━━━━━━━━━━━━━━━━━━━━━━━━━━╇━━━━━━━╇━━━━━━━━━━━━━━━━━━━━━━━━━━━━━┩
│ 1 │ Was this review helpful? │ 62376 │ Was_this_review_helpful.mp4 │
└───┴──────────────────────────┴───────┴─────────────────────────────┘

[OK] Successfully generated 1 video(s)!
Output directory: output/steam/
=== [Steam] done ===

=== [Manga] start: 17:13:20 ===


 ____       _     _               ____  _                _
|  _ \ ___ | |__ | | _____  __  / ___|| |__   ___  _ __| |_ ___
| |_) / _ \| '_ \| |/ _ \ \/ /  \___ \| '_ \ / _ \| '__| __/ __|
|  _ < (_) | |_) | | (_) >  <    ___) | | | | (_) | |  | |_\__ \
|_| \_\___/|_.__/|_|\___/_/\_\  |____/|_| |_|\___/|_|   \__|___/

Automated YouTube Shorts · No API Key Required

Loading configuration...
Initializing components...
TTS Engine: Google TTS
Setting up background assets...
  Ready: 17 video(s), 3 audio(s)
╭──────────────────────────────────────────────────────────────────────────────╮
│ Mode: Reddit Scraping (no API key)                                           │
╰──────────────────────────────────────────────────────────────────────────────╯
Fetching posts from r/manga+manhwa (time=week)...
  [OK] [TITLE] Which Manhwa was it For You ?... (+4369, 6 comments)
  [OK] [Return of Mount Hua Sect] IS RETURNING ON APRIL 14!!... (+3754, 4 
comments)
Found 1 eligible posts.
╭──────────────────────────────────────────────────────────────────────────────╮
│ Post 1/1                                                                     │
╰──────────────────────────────────────────────────────────────────────────────╯

Processing: [TITLE] Which Manhwa was it For You ?...
  ID: 1sg5990 | Score: 4369 | Comments: 6
  [1/3] Generating TTS audio...
  [OK] Generated 7 audio segments
  [2/3] Composing video...
Composing video for: [TITLE] Which Manhwa was it For You ?...
  [OK] Rendered 7 card(s)
  Manga cover fetch failed: 404 Client Error: Not Found for url: 
https://graphql.anilist.co/
  Background: geometry-dash.mp4
  BGM: good-night.mp3 (vol: 0.12)
  Rendering 44.6s video...
  [OK] Saved: output/manga/[TITLE]_Which_Manhwa_was_it_For_You_.mp4 (44.6s, 
43.6MB)
  [3/3] Updating history & saving meta...
  Meta: [TITLE]_Which_Manhwa_was_it_For_You__meta.txt
  [4/4] Uploading to YouTube...
  YouTube: https://youtu.be/cWR3wgNoeRk


                                Generated Videos                                
┏━━━┳━━━━━━━━━━━━━━━━━━━━━━━━━━━━━━━━━┳━━━━━━━┳━━━━━━━━━━━━━━━━━━━━━━━━━━━━━━━━┓
┃ # ┃ Title                           ┃ Score ┃ Output File                    ┃
┡━━━╇━━━━━━━━━━━━━━━━━━━━━━━━━━━━━━━━━╇━━━━━━━╇━━━━━━━━━━━━━━━━━━━━━━━━━━━━━━━━┩
│ 1 │ [TITLE] Which Manhwa was it For │  4369 │ [TITLE]_Which_Manhwa_was_it_F… │
│   │ You ?                           │       │                                │
└───┴─────────────────────────────────┴───────┴────────────────────────────────┘

[OK] Successfully generated 1 video(s)!
Output directory: output/manga/
=== [Manga] done ===

=== [Products] start: 17:21:08 ===


 ____       _     _               ____  _                _
|  _ \ ___ | |__ | | _____  __  / ___|| |__   ___  _ __| |_ ___
| |_) / _ \| '_ \| |/ _ \ \/ /  \___ \| '_ \ / _ \| '__| __/ __|
|  _ < (_) | |_) | | (_) >  <    ___) | | | | (_) | |  | |_\__ \
|_| \_\___/|_.__/|_|\___/_/\_\  |____/|_| |_|\___/|_|   \__|___/

Automated YouTube Shorts · No API Key Required

Loading configuration...
Initializing components...
TTS Engine: Google TTS
Setting up background assets...
  Ready: 17 video(s), 3 audio(s)
╭──────────────────────────────────────────────────────────────────────────────╮
│ Mode: Reddit Scraping (no API key)                                           │
╰──────────────────────────────────────────────────────────────────────────────╯
Fetching posts from r/BuyItForLife+AsianBeauty (time=week)...
  [OK] Backpack my mom bought her freshman year of college, handed ... (+1201, 6
comments)
Found 1 eligible posts.
╭──────────────────────────────────────────────────────────────────────────────╮
│ Post 1/1                                                                     │
╰──────────────────────────────────────────────────────────────────────────────╯

Processing: Backpack my mom bought her freshman year of college, handed ...
  ID: 1sh0urp | Score: 1201 | Comments: 6
  [1/3] Generating TTS audio...
  [OK] Generated 9 audio segments
  [2/3] Composing video...
Composing video for: Backpack my mom bought her freshman year of colleg...
  [OK] Rendered 9 card(s)
  Background: subway-surfers-1.mp4
  BGM: lofi-chill.mp3 (vol: 0.12)
  Rendering 45.2s video...
  [OK] Saved: 
output/products/Backpack_my_mom_bought_her_freshman_year_of_college,_handed_it_d
own_to_me_when_I.mp4 (45.2s, 46.2MB)
  [3/3] Updating history & saving meta...
  Meta: 
Backpack_my_mom_bought_her_freshman_year_of_college,_handed_it_down_to_me_when_I
_meta.txt
  [4/4] Uploading to YouTube...
  YouTube: https://youtu.be/3Pvr0fR3V6c


                                Generated Videos                                
┏━━━┳━━━━━━━━━━━━━━━━━━━━━━━━━━━━━━━━━┳━━━━━━━┳━━━━━━━━━━━━━━━━━━━━━━━━━━━━━━━━┓
┃ # ┃ Title                           ┃ Score ┃ Output File                    ┃
┡━━━╇━━━━━━━━━━━━━━━━━━━━━━━━━━━━━━━━━╇━━━━━━━╇━━━━━━━━━━━━━━━━━━━━━━━━━━━━━━━━┩
│ 1 │ Backpack my mom bought her      │  1201 │ Backpack_my_mom_bought_her_fr… │
│   │ freshman year of c              │       │                                │
└───┴─────────────────────────────────┴───────┴────────────────────────────────┘

[OK] Successfully generated 1 video(s)!
Output directory: output/products/
=== [Products] done ===

==========================================
All channels done: 17:29:12
==========================================
