==========================================
Daily run: 2026-04-13 17:00:00
==========================================

=== [AITA/Reddit] start: 17:00:00 ===


 ____       _     _               ____  _                _
|  _ \ ___ | |__ | | _____  __  / ___|| |__   ___  _ __| |_ ___
| |_) / _ \| '_ \| |/ _ \ \/ /  \___ \| '_ \ / _ \| '__| __/ __|
|  _ < (_) | |_) | | (_) >  <    ___) | | | | (_) | |  | |_\__ \
|_| \_\___/|_.__/|_|\___/_/\_\  |____/|_| |_|\___/|_|   \__|___/

Automated YouTube Shorts · No API Key Required

Loading configuration...
Initializing components...
TTS Engine: Edge TTS (en-US-AriaNeural)
Setting up background assets...
  Ready: 17 video(s), 3 audio(s)
╭──────────────────────────────────────────────────────────────────────────────╮
│ Mode: Reddit Scraping (no API key)                                           │
╰──────────────────────────────────────────────────────────────────────────────╯
Fetching posts from r/AmItheAsshole (time=week)...
Found 0 eligible posts.
  No new posts for time_filter='week', trying broader range...
Fetching posts from r/AmItheAsshole (time=month)...
Found 0 eligible posts.
  No new posts for time_filter='month', trying broader range...
Fetching posts from r/AmItheAsshole (time=year)...
Found 0 eligible posts.
  No new posts for time_filter='year', trying broader range...
Fetching posts from r/AmItheAsshole (time=all)...
  [OK] UPDATE, AITA for despising my mentally handicap sister?... (+72776, 1 
comments)
Found 1 eligible posts.
╭──────────────────────────────────────────────────────────────────────────────╮
│ Post 1/1                                                                     │
╰──────────────────────────────────────────────────────────────────────────────╯

Processing: UPDATE, AITA for despising my mentally handicap sister?...
  ID: azvko1 | Score: 72776 | Comments: 1
  [1/3] Generating TTS audio...
  [OK] Generated 5 audio segments
  [2/3] Composing video...
Composing video for: UPDATE, AITA for despising my mentally handicap si...
  [OK] Rendered 5 card(s)
  Background: slime-making.mp4
  BGM: good-night.mp3 (vol: 0.08)
  Rendering 38.0s video...
  [OK] Saved: output/UPDATE,_AITA_for_despising_my_mentally_handicap_sister.mp4 
(38.0s, 36.4MB)
  [3/3] Updating history & saving meta...
  Meta: UPDATE,_AITA_for_despising_my_mentally_handicap_sister_meta.txt
  [4/4] Uploading to YouTube...
  YouTube: https://youtu.be/DtFcnIRLblI


                                Generated Videos                                
┏━━━┳━━━━━━━━━━━━━━━━━━━━━━━━━━━━━━━━━┳━━━━━━━┳━━━━━━━━━━━━━━━━━━━━━━━━━━━━━━━━┓
┃ # ┃ Title                           ┃ Score ┃ Output File                    ┃
┡━━━╇━━━━━━━━━━━━━━━━━━━━━━━━━━━━━━━━━╇━━━━━━━╇━━━━━━━━━━━━━━━━━━━━━━━━━━━━━━━━┩
│ 1 │ UPDATE, AITA for despising my   │ 72776 │ UPDATE,_AITA_for_despising_my… │
│   │ mentally handic                 │       │                                │
└───┴─────────────────────────────────┴───────┴────────────────────────────────┘

[OK] Successfully generated 1 video(s)!
Output directory: output/
Metrics: metrics_20260413_170800.json
=== [AITA/Reddit] done ===

=== [Steam] start: 17:08:01 ===


 ____       _     _               ____  _                _
|  _ \ ___ | |__ | | _____  __  / ___|| |__   ___  _ __| |_ ___
| |_) / _ \| '_ \| |/ _ \ \/ /  \___ \| '_ \ / _ \| '__| __/ __|
|  _ < (_) | |_) | | (_) >  <    ___) | | | | (_) | |  | |_\__ \
|_| \_\___/|_.__/|_|\___/_/\_\  |____/|_| |_|\___/|_|   \__|___/

Automated YouTube Shorts · No API Key Required

Loading configuration...
Initializing components...
TTS Engine: Edge TTS (en-US-GuyNeural)
Setting up background assets...
  Ready: 17 video(s), 3 audio(s)
╭──────────────────────────────────────────────────────────────────────────────╮
│ Mode: Reddit Scraping (no API key)                                           │
╰──────────────────────────────────────────────────────────────────────────────╯
Fetching posts from r/Steam+pcgaming (time=week)...
  [OK] I know - we’re the ones doing it... (+38241, 5 comments)
Found 1 eligible posts.
╭──────────────────────────────────────────────────────────────────────────────╮
│ Post 1/1                                                                     │
╰──────────────────────────────────────────────────────────────────────────────╯

Processing: I know - we’re the ones doing it...
  ID: 1sj15x8 | Score: 38241 | Comments: 5
  [1/3] Generating TTS audio...
  [OK] Generated 6 audio segments
  [2/3] Composing video...
Composing video for: I know - we’re the ones doing it...
  [OK] Rendered 6 card(s)
  Background: minecraft-parkour-1.mp4
  BGM: good-night.mp3 (vol: 0.08)
  Rendering 25.3s video...
  [OK] Saved: output/steam/I_know_-_we’re_the_ones_doing_it.mp4 (25.3s, 24.5MB)
  [3/3] Updating history & saving meta...
  Meta: I_know_-_we’re_the_ones_doing_it_meta.txt
  [4/4] Uploading to YouTube...
  YouTube: https://youtu.be/TS_oHVi8NU4


                                Generated Videos                                
┏━━━┳━━━━━━━━━━━━━━━━━━━━━━━━━━━━━━━━┳━━━━━━━┳━━━━━━━━━━━━━━━━━━━━━━━━━━━━━━━━━┓
┃ # ┃ Title                          ┃ Score ┃ Output File                     ┃
┡━━━╇━━━━━━━━━━━━━━━━━━━━━━━━━━━━━━━━╇━━━━━━━╇━━━━━━━━━━━━━━━━━━━━━━━━━━━━━━━━━┩
│ 1 │ I know - we’re the ones doing  │ 38241 │ I_know_-_we’re_the_ones_doing_… │
│   │ it                             │       │                                 │
└───┴────────────────────────────────┴───────┴─────────────────────────────────┘

[OK] Successfully generated 1 video(s)!
Output directory: output/steam/
Metrics: metrics_20260413_171323.json
=== [Steam] done ===

=== [Manga] start: 17:13:23 ===


 ____       _     _               ____  _                _
|  _ \ ___ | |__ | | _____  __  / ___|| |__   ___  _ __| |_ ___
| |_) / _ \| '_ \| |/ _ \ \/ /  \___ \| '_ \ / _ \| '__| __/ __|
|  _ < (_) | |_) | | (_) >  <    ___) | | | | (_) | |  | |_\__ \
|_| \_\___/|_.__/|_|\___/_/\_\  |____/|_| |_|\___/|_|   \__|___/

Automated YouTube Shorts · No API Key Required

Loading configuration...
[Error] Configuration validation failed:
  1. Font file not found: assets/fonts/NotoSansKR-Bold.ttf
=== [Manga] FAILED (exit 1) ===

=== [Products] start: 17:13:25 ===


 ____       _     _               ____  _                _
|  _ \ ___ | |__ | | _____  __  / ___|| |__   ___  _ __| |_ ___
| |_) / _ \| '_ \| |/ _ \ \/ /  \___ \| '_ \ / _ \| '__| __/ __|
|  _ < (_) | |_) | | (_) >  <    ___) | | | | (_) | |  | |_\__ \
|_| \_\___/|_.__/|_|\___/_/\_\  |____/|_| |_|\___/|_|   \__|___/

Automated YouTube Shorts · No API Key Required

Loading configuration...
[Error] Configuration validation failed:
  1. Font file not found: assets/fonts/NotoSansKR-Bold.ttf
=== [Products] FAILED (exit 1) ===

==========================================
All channels done: 17:13:27
==========================================
