==========================================
Daily run: 2026-04-14 17:00:01
==========================================

=== [AITA/Reddit] start: 17:00:01 ===


 ____       _     _               ____  _                _
|  _ \ ___ | |__ | | _____  __  / ___|| |__   ___  _ __| |_ ___
| |_) / _ \| '_ \| |/ _ \ \/ /  \___ \| '_ \ / _ \| '__| __/ __|
|  _ < (_) | |_) | | (_) >  <    ___) | | | | (_) | |  | |_\__ \
|_| \_\___/|_.__/|_|\___/_/\_\  |____/|_| |_|\___/|_|   \__|___/

Automated YouTube Shorts · No API Key Required

Loading configuration...
Initializing components...
TTS Engine: Edge TTS (en-US-AriaNeural)
Setting up background assets...
  Ready: 17 video(s), 3 audio(s)
╭──────────────────────────────────────────────────────────────────────────────╮
│ Mode: Reddit Scraping (no API key)                                           │
╰──────────────────────────────────────────────────────────────────────────────╯
Fetching posts from r/relationship_advice (time=week)...
  [OK] How can I (25F) get my boyfriend (23M) to stop sufferingmaxx... (+3203, 1
comments)
  [OK] Update: My (37f) husband (38m) got fired for sexual harassme... (+2999, 1
comments)
Found 1 eligible posts.
╭──────────────────────────────────────────────────────────────────────────────╮
│ Post 1/1                                                                     │
╰──────────────────────────────────────────────────────────────────────────────╯

Processing: Update: My (37f) husband (38m) got fired for sexual harassme...
  ID: 1sjeh39 | Score: 2999 | Comments: 1
  [1/3] Generating TTS audio...
  Skipped empty text segment
  Skipped empty text segment
  [OK] Generated 2 audio segments
  [2/3] Composing video...
Composing video for: Update: My (37f) husband (38m) got fired for sexua...
  [OK] Rendered 2 card(s)
  Background: minecraft-parkour-1.mp4
  BGM: lofi-chill.mp3 (vol: 0.08)
  Rendering 8.0s video...
  [OK] Saved: 
/Users/seungheekim/work/reddit-reaction-maker/output/Update_My_(37f)_husband_(38
m)_got_fired_for_sexual_harassment.mp4 (8.0s, 8.2MB)
  [3/3] Updating history & saving meta...
  Meta: Update_My_(37f)_husband_(38m)_got_fired_for_sexual_harassment_meta.txt
  [4/4] Uploading to YouTube...
  YouTube: https://youtu.be/eM21z9cCRYg


                                Generated Videos                                
┏━━━┳━━━━━━━━━━━━━━━━━━━━━━━━━━━━━━━━━┳━━━━━━━┳━━━━━━━━━━━━━━━━━━━━━━━━━━━━━━━━┓
┃ # ┃ Title                           ┃ Score ┃ Output File                    ┃
┡━━━╇━━━━━━━━━━━━━━━━━━━━━━━━━━━━━━━━━╇━━━━━━━╇━━━━━━━━━━━━━━━━━━━━━━━━━━━━━━━━┩
│ 1 │ Update: My (37f) husband (38m)  │  2999 │ Update_My_(37f)_husband_(38m)… │
│   │ got fired for                   │       │                                │
└───┴─────────────────────────────────┴───────┴────────────────────────────────┘

[OK] Successfully generated 1 video(s)!
Output directory: /Users/seungheekim/work/reddit-reaction-maker/output/
Metrics: metrics_20260414_170204.json
=== [AITA/Reddit] done ===

=== [Steam] start: 17:02:05 ===


 ____       _     _               ____  _                _
|  _ \ ___ | |__ | | _____  __  / ___|| |__   ___  _ __| |_ ___
| |_) / _ \| '_ \| |/ _ \ \/ /  \___ \| '_ \ / _ \| '__| __/ __|
|  _ < (_) | |_) | | (_) >  <    ___) | | | | (_) | |  | |_\__ \
|_| \_\___/|_.__/|_|\___/_/\_\  |____/|_| |_|\___/|_|   \__|___/

Automated YouTube Shorts · No API Key Required

Loading configuration...
Initializing components...
TTS Engine: Edge TTS (en-US-GuyNeural)
Setting up background assets...
  Ready: 17 video(s), 3 audio(s)
╭──────────────────────────────────────────────────────────────────────────────╮
│ Mode: Reddit Scraping (no API key)                                           │
╰──────────────────────────────────────────────────────────────────────────────╯
Fetching posts from r/Steam+pcgaming (time=week)...
  [OK] Following the completion of the the Artemis II mission, Kerb... (+13198, 
6 comments)
Found 1 eligible posts.
╭──────────────────────────────────────────────────────────────────────────────╮
│ Post 1/1                                                                     │
╰──────────────────────────────────────────────────────────────────────────────╯

Processing: Following the completion of the the Artemis II mission, Kerb...
  ID: 1sitfsg | Score: 13198 | Comments: 6
  [1/3] Generating TTS audio...
  [OK] Generated 8 audio segments
  [2/3] Composing video...
Composing video for: Following the completion of the the Artemis II mis...
  [OK] Rendered 8 card(s)
  Background: subway-surfers-2.mp4
  BGM: good-night.mp3 (vol: 0.08)
  Rendering 35.5s video...
  [OK] Saved: 
/Users/seungheekim/work/reddit-reaction-maker/output/steam/Following_the_complet
ion_of_the_the_Artemis_II_mission,_Kerbal_Space_Program_has.mp4 (35.5s, 34.4MB)
  [3/3] Updating history & saving meta...
  Meta: 
Following_the_completion_of_the_the_Artemis_II_mission,_Kerbal_Space_Program_has
_meta.txt
  [4/4] Uploading to YouTube...
  YouTube: https://youtu.be/3AuzcQ6G9jI


                                Generated Videos                                
┏━━━┳━━━━━━━━━━━━━━━━━━━━━━━━━━━━━━━━━┳━━━━━━━┳━━━━━━━━━━━━━━━━━━━━━━━━━━━━━━━━┓
┃ # ┃ Title                           ┃ Score ┃ Output File                    ┃
┡━━━╇━━━━━━━━━━━━━━━━━━━━━━━━━━━━━━━━━╇━━━━━━━╇━━━━━━━━━━━━━━━━━━━━━━━━━━━━━━━━┩
│ 1 │ Following the completion of the │ 13198 │ Following_the_completion_of_t… │
│   │ the Artemis I                   │       │                                │
└───┴─────────────────────────────────┴───────┴────────────────────────────────┘

[OK] Successfully generated 1 video(s)!
Output directory: /Users/seungheekim/work/reddit-reaction-maker/output/steam/
Metrics: metrics_20260414_170859.json
=== [Steam] done ===

=== [Manga] start: 17:09:00 ===


 ____       _     _               ____  _                _
|  _ \ ___ | |__ | | _____  __  / ___|| |__   ___  _ __| |_ ___
| |_) / _ \| '_ \| |/ _ \ \/ /  \___ \| '_ \ / _ \| '__| __/ __|
|  _ < (_) | |_) | | (_) >  <    ___) | | | | (_) | |  | |_\__ \
|_| \_\___/|_.__/|_|\___/_/\_\  |____/|_| |_|\___/|_|   \__|___/

Automated YouTube Shorts · No API Key Required

Loading configuration...
[Error] Configuration validation failed:
  1. Font file not found: 
/Users/seungheekim/work/reddit-reaction-maker/assets/fonts/NotoSansKR-Bold.ttf
=== [Manga] FAILED (exit 1) ===

=== [Products] start: 17:09:03 ===


 ____       _     _               ____  _                _
|  _ \ ___ | |__ | | _____  __  / ___|| |__   ___  _ __| |_ ___
| |_) / _ \| '_ \| |/ _ \ \/ /  \___ \| '_ \ / _ \| '__| __/ __|
|  _ < (_) | |_) | | (_) >  <    ___) | | | | (_) | |  | |_\__ \
|_| \_\___/|_.__/|_|\___/_/\_\  |____/|_| |_|\___/|_|   \__|___/

Automated YouTube Shorts · No API Key Required

Loading configuration...
[Error] Configuration validation failed:
  1. Font file not found: 
/Users/seungheekim/work/reddit-reaction-maker/assets/fonts/NotoSansKR-Bold.ttf
=== [Products] FAILED (exit 1) ===

==========================================
All channels done: 17:09:05
==========================================
