==========================================
Daily run: 2026-04-12 17:00:00
==========================================

=== [AITA/Reddit] start: 17:00:00 ===


 ____       _     _               ____  _                _
|  _ \ ___ | |__ | | _____  __  / ___|| |__   ___  _ __| |_ ___
| |_) / _ \| '_ \| |/ _ \ \/ /  \___ \| '_ \ / _ \| '__| __/ __|
|  _ < (_) | |_) | | (_) >  <    ___) | | | | (_) | |  | |_\__ \
|_| \_\___/|_.__/|_|\___/_/\_\  |____/|_| |_|\___/|_|   \__|___/

Automated YouTube Shorts · No API Key Required

Loading configuration...
Initializing components...
TTS Engine: Edge TTS (en-US-AriaNeural)
Setting up background assets...
  Ready: 17 video(s), 3 audio(s)
╭──────────────────────────────────────────────────────────────────────────────╮
│ Mode: Reddit Scraping (no API key)                                           │
╰──────────────────────────────────────────────────────────────────────────────╯
Fetching posts from r/tifu (time=week)...
  [OK] TIFU by being constipated for the last 22 years... (+6217, 2 comments)
Found 1 eligible posts.
╭──────────────────────────────────────────────────────────────────────────────╮
│ Post 1/1                                                                     │
╰──────────────────────────────────────────────────────────────────────────────╯

Processing: TIFU by being constipated for the last 22 years...
  ID: 1sg4p5e | Score: 6217 | Comments: 2
  [1/3] Generating TTS audio...
  [OK] Generated 6 audio segments
  [2/3] Composing video...
Composing video for: TIFU by being constipated for the last 22 years...
  [OK] Rendered 6 card(s)
  Background: slime-making.mp4
  BGM: lofi-study.mp3 (vol: 0.08)
  Rendering 42.6s video...
  [OK] Saved: output/TIFU_by_being_constipated_for_the_last_22_years.mp4 (42.6s,
41.6MB)
  [3/3] Updating history & saving meta...
  Meta: TIFU_by_being_constipated_for_the_last_22_years_meta.txt
  [4/4] Uploading to YouTube...
  YouTube: https://youtu.be/CBgtYvcVST0


                                Generated Videos                                
┏━━━┳━━━━━━━━━━━━━━━━━━━━━━━━━━━━━━━━━┳━━━━━━━┳━━━━━━━━━━━━━━━━━━━━━━━━━━━━━━━━┓
┃ # ┃ Title                           ┃ Score ┃ Output File                    ┃
┡━━━╇━━━━━━━━━━━━━━━━━━━━━━━━━━━━━━━━━╇━━━━━━━╇━━━━━━━━━━━━━━━━━━━━━━━━━━━━━━━━┩
│ 1 │ TIFU by being constipated for   │  6217 │ TIFU_by_being_constipated_for… │
│   │ the last 22 yea                 │       │                                │
└───┴─────────────────────────────────┴───────┴────────────────────────────────┘

[OK] Successfully generated 1 video(s)!
Output directory: output/
=== [AITA/Reddit] done ===

=== [Steam] start: 17:07:53 ===


 ____       _     _               ____  _                _
|  _ \ ___ | |__ | | _____  __  / ___|| |__   ___  _ __| |_ ___
| |_) / _ \| '_ \| |/ _ \ \/ /  \___ \| '_ \ / _ \| '__| __/ __|
|  _ < (_) | |_) | | (_) >  <    ___) | | | | (_) | |  | |_\__ \
|_| \_\___/|_.__/|_|\___/_/\_\  |____/|_| |_|\___/|_|   \__|___/

Automated YouTube Shorts · No API Key Required

Loading configuration...
Initializing components...
TTS Engine: Edge TTS (en-US-GuyNeural)
Setting up background assets...
  Ready: 17 video(s), 3 audio(s)
╭──────────────────────────────────────────────────────────────────────────────╮
│ Mode: Reddit Scraping (no API key)                                           │
╰──────────────────────────────────────────────────────────────────────────────╯
Fetching posts from r/Steam+pcgaming (time=week)...
  [OK] I know - we’re the ones doing it... (+16763, 6 comments)
  [OK] SteamGPT - Is that good news?... (+13848, 4 comments)
Found 1 eligible posts.
╭──────────────────────────────────────────────────────────────────────────────╮
│ Post 1/1                                                                     │
╰──────────────────────────────────────────────────────────────────────────────╯

Processing: SteamGPT - Is that good news?...
  ID: 1sii686 | Score: 13848 | Comments: 4
  [1/3] Generating TTS audio...
  [OK] Generated 5 audio segments
  [2/3] Composing video...
Composing video for: SteamGPT - Is that good news?...
  [OK] Rendered 5 card(s)
  Background: subway-surfers-1.mp4
  BGM: lofi-study.mp3 (vol: 0.08)
  Rendering 39.3s video...
  [OK] Saved: output/steam/SteamGPT_-_Is_that_good_news.mp4 (39.3s, 34.6MB)
  [3/3] Updating history & saving meta...
  Meta: SteamGPT_-_Is_that_good_news_meta.txt
  [4/4] Uploading to YouTube...
YouTube upload failed: Unable to find the server at youtube.googleapis.com
  YouTube upload failed (video kept locally)


                                Generated Videos                                
┏━━━┳━━━━━━━━━━━━━━━━━━━━━━━━━━━━━━━┳━━━━━━━┳━━━━━━━━━━━━━━━━━━━━━━━━━━━━━━━━━━┓
┃ # ┃ Title                         ┃ Score ┃ Output File                      ┃
┡━━━╇━━━━━━━━━━━━━━━━━━━━━━━━━━━━━━━╇━━━━━━━╇━━━━━━━━━━━━━━━━━━━━━━━━━━━━━━━━━━┩
│ 1 │ SteamGPT - Is that good news? │ 13848 │ SteamGPT_-_Is_that_good_news.mp4 │
└───┴───────────────────────────────┴───────┴──────────────────────────────────┘

[OK] Successfully generated 1 video(s)!
Output directory: output/steam/
=== [Steam] done ===

=== [Manga] start: 17:15:41 ===


 ____       _     _               ____  _                _
|  _ \ ___ | |__ | | _____  __  / ___|| |__   ___  _ __| |_ ___
| |_) / _ \| '_ \| |/ _ \ \/ /  \___ \| '_ \ / _ \| '__| __/ __|
|  _ < (_) | |_) | | (_) >  <    ___) | | | | (_) | |  | |_\__ \
|_| \_\___/|_.__/|_|\___/_/\_\  |____/|_| |_|\___/|_|   \__|___/

Automated YouTube Shorts · No API Key Required

Loading configuration...
Initializing components...
TTS Engine: Google TTS
Setting up background assets...
  Ready: 17 video(s), 3 audio(s)
╭──────────────────────────────────────────────────────────────────────────────╮
│ Mode: Reddit Scraping (no API key)                                           │
╰──────────────────────────────────────────────────────────────────────────────╯
Fetching posts from r/manga+manhwa (time=week)...
  [OK] [ART] A pretty tomboyish onee-san started hitting on me - by... (+4082, 6
comments)
  [OK] [Return of Mount Hua Sect] IS RETURNING ON APRIL 14!!... (+3777, 4 
comments)
Found 1 eligible posts.
╭──────────────────────────────────────────────────────────────────────────────╮
│ Post 1/1                                                                     │
╰──────────────────────────────────────────────────────────────────────────────╯

Processing: [ART] A pretty tomboyish onee-san started hitting on me - by...
  ID: 1shcclg | Score: 4082 | Comments: 6
  [1/3] Generating TTS audio...
  [OK] Generated 7 audio segments
  [2/3] Composing video...
Composing video for: [ART] A pretty tomboyish onee-san started hitting ...
  [OK] Rendered 7 card(s)
  Background: soap-cutting.mp4
  BGM: lofi-study.mp3 (vol: 0.12)
  Rendering 33.7s video...
  [OK] Saved: 
output/manga/[ART]_A_pretty_tomboyish_onee-san_started_hitting_on_me_-_by_Kitada
_Ryouma_(@R_K.mp4 (33.7s, 33.2MB)
  [3/3] Updating history & saving meta...
  Meta: 
[ART]_A_pretty_tomboyish_onee-san_started_hitting_on_me_-_by_Kitada_Ryouma_(@R_K
_meta.txt
  [4/4] Uploading to YouTube...
  YouTube: https://youtu.be/LFfvYT6ThHw


                                Generated Videos                                
┏━━━┳━━━━━━━━━━━━━━━━━━━━━━━━━━━━━━━━━┳━━━━━━━┳━━━━━━━━━━━━━━━━━━━━━━━━━━━━━━━━┓
┃ # ┃ Title                           ┃ Score ┃ Output File                    ┃
┡━━━╇━━━━━━━━━━━━━━━━━━━━━━━━━━━━━━━━━╇━━━━━━━╇━━━━━━━━━━━━━━━━━━━━━━━━━━━━━━━━┩
│ 1 │ [ART] A pretty tomboyish        │  4082 │ [ART]_A_pretty_tomboyish_onee… │
│   │ onee-san started hit            │       │                                │
└───┴─────────────────────────────────┴───────┴────────────────────────────────┘

[OK] Successfully generated 1 video(s)!
Output directory: output/manga/
=== [Manga] done ===

=== [Products] start: 17:23:18 ===


 ____       _     _               ____  _                _
|  _ \ ___ | |__ | | _____  __  / ___|| |__   ___  _ __| |_ ___
| |_) / _ \| '_ \| |/ _ \ \/ /  \___ \| '_ \ / _ \| '__| __/ __|
|  _ < (_) | |_) | | (_) >  <    ___) | | | | (_) | |  | |_\__ \
|_| \_\___/|_.__/|_|\___/_/\_\  |____/|_| |_|\___/|_|   \__|___/

Automated YouTube Shorts · No API Key Required

Loading configuration...
Initializing components...
TTS Engine: Google TTS
Setting up background assets...
  Ready: 17 video(s), 3 audio(s)
╭──────────────────────────────────────────────────────────────────────────────╮
│ Mode: Reddit Scraping (no API key)                                           │
╰──────────────────────────────────────────────────────────────────────────────╯
Fetching posts from r/BuyItForLife+AsianBeauty (time=week)...
  [OK] Bought this pot with my first apartment 15+ years ago. Now I... (+1527, 4
comments)
  [OK] Holiest of holy holy grails (now with more details)... (+1368, 4 
comments)
Found 1 eligible posts.
╭──────────────────────────────────────────────────────────────────────────────╮
│ Post 1/1                                                                     │
╰──────────────────────────────────────────────────────────────────────────────╯

Processing: Bought this pot with my first apartment 15+ years ago. Now I...
  ID: 1sio2zg | Score: 1527 | Comments: 4
  [1/3] Generating TTS audio...
  [OK] Generated 5 audio segments
  [2/3] Composing video...
Composing video for: Bought this pot with my first apartment 15+ years ...
  [OK] Rendered 5 card(s)
  Background: cement-work.mp4
  BGM: lofi-chill.mp3 (vol: 0.12)
  Rendering 56.3s video...
  [OK] Saved: 
output/products/Bought_this_pot_with_my_first_apartment_15+_years_ago._Now_I_fee
d_my_family_with.mp4 (56.3s, 54.6MB)
  [3/3] Updating history & saving meta...
  Meta: 
Bought_this_pot_with_my_first_apartment_15+_years_ago._Now_I_feed_my_family_with
_meta.txt
  [4/4] Uploading to YouTube...
  YouTube: https://youtu.be/hETLQpMxlOo


                                Generated Videos                                
┏━━━┳━━━━━━━━━━━━━━━━━━━━━━━━━━━━━━━━━┳━━━━━━━┳━━━━━━━━━━━━━━━━━━━━━━━━━━━━━━━━┓
┃ # ┃ Title                           ┃ Score ┃ Output File                    ┃
┡━━━╇━━━━━━━━━━━━━━━━━━━━━━━━━━━━━━━━━╇━━━━━━━╇━━━━━━━━━━━━━━━━━━━━━━━━━━━━━━━━┩
│ 1 │ Bought this pot with my first   │  1527 │ Bought_this_pot_with_my_first… │
│   │ apartment 15+ y                 │       │                                │
└───┴─────────────────────────────────┴───────┴────────────────────────────────┘

[OK] Successfully generated 1 video(s)!
Output directory: output/products/
=== [Products] done ===

==========================================
All channels done: 17:33:18
==========================================
